<?xml version="1.0" encoding="UTF-8"?>
<!-- Generated by org.testng.reporters.JUnitXMLReporter -->
<testsuite hostname="DESKTOP-F8TIE9C" ignored="0" name="FirefoxTest" tests="1" failures="1" timestamp="2020-10-21T10:29:52 PDT" time="0.267" errors="0">
  <testcase name="tc1" time="0.065" classname="org.cts.A">
    <failure type="java.lang.NullPointerException">
      <![CDATA[java.lang.NullPointerException
at org.cts.A.tc1(A.java:36)
at java.util.ArrayList.forEach(Unknown Source)
at java.util.concurrent.FutureTask.run(Unknown Source)
at java.util.concurrent.ThreadPoolExecutor.runWorker(Unknown Source)
at java.util.concurrent.ThreadPoolExecutor$Worker.run(Unknown Source)
at java.lang.Thread.run(Unknown Source)
... Removed 18 stack frames]]>
    </failure>
  </testcase> <!-- tc1 -->
</testsuite> <!-- FirefoxTest -->
