<?xml version="1.0" encoding="UTF-8"?>
<!-- Generated by org.testng.reporters.JUnitXMLReporter -->
<testsuite hostname="DESKTOP-F8TIE9C" ignored="0" name="Test" tests="7" failures="0" timestamp="2020-10-20T09:57:44 PDT" time="0.288" errors="0">
  <testcase name="tc1" time="0.028" classname="org.cts.A"/>
  <testcase name="tc111" time="0.03" classname="org.cts.C"/>
  <testcase name="tc222" time="0.003" classname="org.cts.C"/>
  <testcase name="tc333" time="0.012" classname="org.cts.C"/>
  <testcase name="tc11" time="0.03" classname="org.cts.B"/>
  <testcase name="tc22" time="0.01" classname="org.cts.B"/>
  <testcase name="tc33" time="0.005" classname="org.cts.B"/>
</testsuite> <!-- Test -->
