<?xml version="1.0" encoding="UTF-8"?>
<testng-results skipped="0" failed="0" ignored="0" total="1" passed="1">
  <reporter-output>
  </reporter-output>
  <suite name="Default suite" duration-ms="92821" started-at="2020-10-22T22:14:11 PDT" finished-at="2020-10-22T22:15:44 PDT">
    <groups>
    </groups>
    <test name="Default test" duration-ms="92821" started-at="2020-10-22T22:14:11 PDT" finished-at="2020-10-22T22:15:44 PDT">
      <class name="org.cts.Democlass">
        <test-method status="PASS" signature="launchBrowser()[pri:0, instance:org.cts.Democlass@34cd072c]" name="launchBrowser" is-config="true" duration-ms="6835" started-at="2020-10-22T22:14:11 PDT" finished-at="2020-10-22T22:14:18 PDT">
          <reporter-output>
          </reporter-output>
        </test-method> <!-- launchBrowser -->
        <test-method status="PASS" signature="searchIphone()[pri:0, instance:org.cts.Democlass@34cd072c]" name="searchIphone" is-config="true" duration-ms="83814" started-at="2020-10-22T22:14:18 PDT" finished-at="2020-10-22T22:15:41 PDT">
          <reporter-output>
          </reporter-output>
        </test-method> <!-- searchIphone -->
        <test-method status="PASS" signature="getIphone()[pri:0, instance:org.cts.Democlass@34cd072c]" name="getIphone" duration-ms="362" started-at="2020-10-22T22:15:41 PDT" finished-at="2020-10-22T22:15:42 PDT">
          <reporter-output>
          </reporter-output>
        </test-method> <!-- getIphone -->
        <test-method status="PASS" signature="closeBrowser()[pri:0, instance:org.cts.Democlass@34cd072c]" name="closeBrowser" is-config="true" duration-ms="1710" started-at="2020-10-22T22:15:42 PDT" finished-at="2020-10-22T22:15:44 PDT">
          <reporter-output>
          </reporter-output>
        </test-method> <!-- closeBrowser -->
      </class> <!-- org.cts.Democlass -->
    </test> <!-- Default test -->
  </suite> <!-- Default suite -->
</testng-results>
